[28-Oct-2017 02:48:04 UTC] PHP Warning:  include(templates/header.html): failed to open stream: No such file or directory in /home/ubuntu/workspace/homework/pp2/uploads/welcome.php on line 6
[28-Oct-2017 02:48:04 UTC] PHP Stack trace:
[28-Oct-2017 02:48:04 UTC] PHP   1. {main}() /home/ubuntu/workspace/homework/pp2/uploads/welcome.php:0
[28-Oct-2017 02:48:04 UTC] PHP Warning:  include(): Failed opening 'templates/header.html' for inclusion (include_path='.:/usr/share/php:/usr/share/pear') in /home/ubuntu/workspace/homework/pp2/uploads/welcome.php on line 6
[28-Oct-2017 02:48:04 UTC] PHP Stack trace:
[28-Oct-2017 02:48:04 UTC] PHP   1. {main}() /home/ubuntu/workspace/homework/pp2/uploads/welcome.php:0
[28-Oct-2017 02:49:03 UTC] PHP Warning:  include(templates/header.html): failed to open stream: No such file or directory in /home/ubuntu/workspace/homework/pp2/uploads/welcome.php on line 6
[28-Oct-2017 02:49:03 UTC] PHP Stack trace:
[28-Oct-2017 02:49:03 UTC] PHP   1. {main}() /home/ubuntu/workspace/homework/pp2/uploads/welcome.php:0
[28-Oct-2017 02:49:03 UTC] PHP Warning:  include(): Failed opening 'templates/header.html' for inclusion (include_path='.:/usr/share/php:/usr/share/pear') in /home/ubuntu/workspace/homework/pp2/uploads/welcome.php on line 6
[28-Oct-2017 02:49:03 UTC] PHP Stack trace:
[28-Oct-2017 02:49:03 UTC] PHP   1. {main}() /home/ubuntu/workspace/homework/pp2/uploads/welcome.php:0
[28-Oct-2017 02:49:38 UTC] PHP Warning:  include(.templates/header.html): failed to open stream: No such file or directory in /home/ubuntu/workspace/homework/pp2/uploads/welcome.php on line 6
[28-Oct-2017 02:49:38 UTC] PHP Stack trace:
[28-Oct-2017 02:49:38 UTC] PHP   1. {main}() /home/ubuntu/workspace/homework/pp2/uploads/welcome.php:0
[28-Oct-2017 02:49:38 UTC] PHP Warning:  include(): Failed opening '.templates/header.html' for inclusion (include_path='.:/usr/share/php:/usr/share/pear') in /home/ubuntu/workspace/homework/pp2/uploads/welcome.php on line 6
[28-Oct-2017 02:49:38 UTC] PHP Stack trace:
[28-Oct-2017 02:49:38 UTC] PHP   1. {main}() /home/ubuntu/workspace/homework/pp2/uploads/welcome.php:0
[28-Oct-2017 02:51:44 UTC] PHP Warning:  include(/templates/header.html): failed to open stream: No such file or directory in /home/ubuntu/workspace/homework/pp2/uploads/welcome.php on line 6
[28-Oct-2017 02:51:44 UTC] PHP Stack trace:
[28-Oct-2017 02:51:44 UTC] PHP   1. {main}() /home/ubuntu/workspace/homework/pp2/uploads/welcome.php:0
[28-Oct-2017 02:51:44 UTC] PHP Warning:  include(): Failed opening '/templates/header.html' for inclusion (include_path='.:/usr/share/php:/usr/share/pear') in /home/ubuntu/workspace/homework/pp2/uploads/welcome.php on line 6
[28-Oct-2017 02:51:44 UTC] PHP Stack trace:
[28-Oct-2017 02:51:44 UTC] PHP   1. {main}() /home/ubuntu/workspace/homework/pp2/uploads/welcome.php:0
[28-Oct-2017 02:52:44 UTC] PHP Warning:  include(..templates/header.html): failed to open stream: No such file or directory in /home/ubuntu/workspace/homework/pp2/uploads/welcome.php on line 6
[28-Oct-2017 02:52:44 UTC] PHP Stack trace:
[28-Oct-2017 02:52:44 UTC] PHP   1. {main}() /home/ubuntu/workspace/homework/pp2/uploads/welcome.php:0
[28-Oct-2017 02:52:44 UTC] PHP Warning:  include(): Failed opening '..templates/header.html' for inclusion (include_path='.:/usr/share/php:/usr/share/pear') in /home/ubuntu/workspace/homework/pp2/uploads/welcome.php on line 6
[28-Oct-2017 02:52:44 UTC] PHP Stack trace:
[28-Oct-2017 02:52:44 UTC] PHP   1. {main}() /home/ubuntu/workspace/homework/pp2/uploads/welcome.php:0
[28-Oct-2017 02:53:24 UTC] PHP Warning:  include(templates/header.html): failed to open stream: No such file or directory in /home/ubuntu/workspace/homework/pp2/uploads/welcome.php on line 6
[28-Oct-2017 02:53:24 UTC] PHP Stack trace:
[28-Oct-2017 02:53:24 UTC] PHP   1. {main}() /home/ubuntu/workspace/homework/pp2/uploads/welcome.php:0
[28-Oct-2017 02:53:24 UTC] PHP Warning:  include(): Failed opening 'templates/header.html' for inclusion (include_path='.:/usr/share/php:/usr/share/pear') in /home/ubuntu/workspace/homework/pp2/uploads/welcome.php on line 6
[28-Oct-2017 02:53:24 UTC] PHP Stack trace:
[28-Oct-2017 02:53:24 UTC] PHP   1. {main}() /home/ubuntu/workspace/homework/pp2/uploads/welcome.php:0
